  [4;36;1mSQL (0.000160)[0m   [0;1mSET client_min_messages TO 'panic'[0m
  [4;35;1mSQL (0.000090)[0m   [0mSET client_min_messages TO 'notice'[0m
  [4;36;1mSQL (0.004229)[0m   [0;1mCREATE TABLE "schema_migrations" ("version" character varying(255) NOT NULL) [0m
  [4;35;1mSQL (0.004275)[0m   [0mCREATE UNIQUE INDEX "unique_schema_migrations" ON "schema_migrations" ("version")[0m
  [4;36;1mSQL (0.000579)[0m   [0;1mSELECT version FROM schema_migrations[0m
  [4;35;1mSQL (0.000214)[0m   [0mSELECT version FROM schema_migrations[0m
  [4;36;1mSQL (0.000185)[0m   [0;1mSELECT version FROM schema_migrations[0m
Migrating to CreateEntrySystem (1)
  [4;35;1mSQL (0.000402)[0m   [0mSELECT version FROM schema_migrations[0m
  [4;36;1mSQL (0.010618)[0m   [0;1mCREATE TABLE "entry_systems" ("id" serial primary key, "name" character varying(255) DEFAULT NULL NULL, "manufacturer" character varying(255) DEFAULT NULL NULL, "prompt" character varying(255) DEFAULT NULL NULL, "password" integer DEFAULT NULL NULL, "created_at" timestamp DEFAULT NULL NULL, "updated_at" timestamp DEFAULT NULL NULL) [0m
  [4;35;1mSQL (0.001869)[0m   [0mINSERT INTO schema_migrations (version) VALUES ('1')[0m
Migrating to CreatePdfManual (2)
  [4;36;1mSQL (0.001113)[0m   [0;1mSELECT version FROM schema_migrations[0m
  [4;35;1mSQL (0.009930)[0m   [0mCREATE TABLE "pdf_manuals" ("id" serial primary key, "parent_id" integer DEFAULT NULL NULL, "content_type" character varying(255) DEFAULT NULL NULL, "filename" character varying(255) DEFAULT NULL NULL, "size" integer DEFAULT NULL NULL, "width" integer DEFAULT NULL NULL, "height" integer DEFAULT NULL NULL, "created_at" timestamp DEFAULT NULL NULL, "updated_at" timestamp DEFAULT NULL NULL) [0m
  [4;36;1mSQL (0.001526)[0m   [0;1mINSERT INTO schema_migrations (version) VALUES ('2')[0m
Migrating to CreateImage (3)
  [4;35;1mSQL (0.000263)[0m   [0mSELECT version FROM schema_migrations[0m
  [4;36;1mSQL (0.010248)[0m   [0;1mCREATE TABLE "images" ("id" serial primary key, "parent_id" integer DEFAULT NULL NULL, "content_type" character varying(255) DEFAULT NULL NULL, "filename" character varying(255) DEFAULT NULL NULL, "size" integer DEFAULT NULL NULL, "width" integer DEFAULT NULL NULL, "height" integer DEFAULT NULL NULL, "created_at" timestamp DEFAULT NULL NULL, "updated_at" timestamp DEFAULT NULL NULL) [0m
  [4;35;1mSQL (0.001516)[0m   [0mINSERT INTO schema_migrations (version) VALUES ('3')[0m
  [4;36;1mSQL (0.000250)[0m   [0;1mSELECT version FROM schema_migrations[0m
  [4;36;1mSQL (0.000171)[0m   [0;1mSET client_min_messages TO 'panic'[0m
  [4;35;1mSQL (0.000075)[0m   [0mSET client_min_messages TO 'notice'[0m
  [4;36;1mSQL (0.004540)[0m   [0;1mCREATE TABLE "schema_migrations" ("version" character varying(255) NOT NULL) [0m
  [4;35;1mSQL (0.004066)[0m   [0mCREATE UNIQUE INDEX "unique_schema_migrations" ON "schema_migrations" ("version")[0m
  [4;36;1mSQL (0.000472)[0m   [0;1mSELECT version FROM schema_migrations[0m
  [4;35;1mSQL (0.000138)[0m   [0mSELECT version FROM schema_migrations[0m
  [4;36;1mSQL (0.000129)[0m   [0;1mSELECT version FROM schema_migrations[0m
Migrating to CreateEntrySystems (20080923022941)
  [4;35;1mSQL (0.000128)[0m   [0mSELECT version FROM schema_migrations[0m
  [4;36;1mSQL (0.011272)[0m   [0;1mCREATE TABLE "entry_systems" ("id" serial primary key, "name" character varying(255) DEFAULT NULL NULL, "manufacturer" character varying(255) DEFAULT NULL NULL, "prompt" character varying(255) DEFAULT NULL NULL, "password" integer DEFAULT NULL NULL, "created_at" timestamp DEFAULT NULL NULL, "updated_at" timestamp DEFAULT NULL NULL) [0m
  [4;35;1mSQL (0.001945)[0m   [0mINSERT INTO schema_migrations (version) VALUES ('20080923022941')[0m
Migrating to CreatePdfManuals (20080923022959)
  [4;36;1mSQL (0.001301)[0m   [0;1mSELECT version FROM schema_migrations[0m
  [4;35;1mSQL (0.010373)[0m   [0mCREATE TABLE "pdf_manuals" ("id" serial primary key, "parent_id" integer DEFAULT NULL NULL, "content_type" character varying(255) DEFAULT NULL NULL, "filename" character varying(255) DEFAULT NULL NULL, "size" integer DEFAULT NULL NULL, "width" integer DEFAULT NULL NULL, "height" integer DEFAULT NULL NULL, "created_at" timestamp DEFAULT NULL NULL, "updated_at" timestamp DEFAULT NULL NULL) [0m
  [4;36;1mSQL (0.001633)[0m   [0;1mINSERT INTO schema_migrations (version) VALUES ('20080923022959')[0m
Migrating to CreateImages (20080923023005)
  [4;35;1mSQL (0.000255)[0m   [0mSELECT version FROM schema_migrations[0m
  [4;36;1mSQL (0.004903)[0m   [0;1mCREATE TABLE "images" ("id" serial primary key, "created_at" timestamp DEFAULT NULL NULL, "updated_at" timestamp DEFAULT NULL NULL) [0m
  [4;35;1mSQL (0.001203)[0m   [0mINSERT INTO schema_migrations (version) VALUES ('20080923023005')[0m
  [4;36;1mSQL (0.001504)[0m   [0;1mSELECT version FROM schema_migrations[0m
  [4;36;1mSQL (0.000180)[0m   [0;1mSET client_min_messages TO 'panic'[0m
  [4;35;1mSQL (0.000070)[0m   [0mSET client_min_messages TO 'notice'[0m
  [4;36;1mSQL (0.010985)[0m   [0;1mSET search_path TO public[0m
  [4;35;1mSQL (0.000000)[0m   [0mPGError: ERROR: must be owner of database kkp_dev
: DROP DATABASE IF EXISTS kkp_dev[0m
  [4;36;1mSQL (0.000135)[0m   [0;1mSET client_min_messages TO 'panic'[0m
  [4;35;1mSQL (0.000070)[0m   [0mSET client_min_messages TO 'notice'[0m
  [4;36;1mSQL (0.019159)[0m   [0;1mDROP TABLE "entry_systems"[0m
  [4;35;1mSQL (0.011106)[0m   [0mCREATE TABLE "entry_systems" ("id" serial primary key, "name" character varying(255) DEFAULT NULL NULL, "manufacturer" character varying(255) DEFAULT NULL NULL, "prompt" character varying(255) DEFAULT NULL NULL, "password" integer DEFAULT NULL NULL, "created_at" timestamp DEFAULT NULL NULL, "updated_at" timestamp DEFAULT NULL NULL) [0m
  [4;36;1mSQL (0.002364)[0m   [0;1mDROP TABLE "images"[0m
  [4;35;1mSQL (0.006051)[0m   [0mCREATE TABLE "images" ("id" serial primary key, "created_at" timestamp DEFAULT NULL NULL, "updated_at" timestamp DEFAULT NULL NULL) [0m
  [4;36;1mSQL (0.003259)[0m   [0;1mDROP TABLE "pdf_manuals"[0m
  [4;35;1mSQL (0.009048)[0m   [0mCREATE TABLE "pdf_manuals" ("id" serial primary key, "parent_id" integer DEFAULT NULL NULL, "content_type" character varying(255) DEFAULT NULL NULL, "filename" character varying(255) DEFAULT NULL NULL, "size" integer DEFAULT NULL NULL, "width" integer DEFAULT NULL NULL, "height" integer DEFAULT NULL NULL, "created_at" timestamp DEFAULT NULL NULL, "updated_at" timestamp DEFAULT NULL NULL) [0m
  [4;36;1mSQL (0.000569)[0m   [0;1mSELECT version FROM "schema_migrations"[0m
  [4;36;1mSQL (0.000329)[0m   [0;1mSET client_min_messages TO 'panic'[0m
  [4;35;1mSQL (0.000189)[0m   [0mSET client_min_messages TO 'notice'[0m
  [4;36;1mSQL (0.000986)[0m   [0;1mSELECT version FROM schema_migrations[0m
  [4;35;1mSQL (0.000253)[0m   [0mSELECT version FROM schema_migrations[0m
  [4;36;1mSQL (0.000465)[0m   [0;1mSET client_min_messages TO 'panic'[0m
  [4;35;1mSQL (0.000141)[0m   [0mSET client_min_messages TO 'notice'[0m
  [4;36;1mSQL (0.012823)[0m   [0;1mSET search_path TO public[0m
  [4;35;1mSQL (0.000000)[0m   [0mPGError: ERROR: must be owner of database kkp_test
: DROP DATABASE IF EXISTS kkp_test[0m
  [4;36;1mSQL (0.000149)[0m   [0;1mSET client_min_messages TO 'panic'[0m
  [4;35;1mSQL (0.000072)[0m   [0mSET client_min_messages TO 'notice'[0m
  [4;36;1mSQL (0.000598)[0m   [0;1mSELECT version FROM schema_migrations[0m
  [4;35;1mSQL (0.000315)[0m   [0mSELECT version FROM schema_migrations[0m
  [4;36;1mSQL (0.000154)[0m   [0;1mSET client_min_messages TO 'panic'[0m
  [4;35;1mSQL (0.000071)[0m   [0mSET client_min_messages TO 'notice'[0m
  [4;36;1mSQL (0.000222)[0m   [0;1mSET search_path TO public[0m
  [4;35;1mSQL (0.190285)[0m   [0mDROP DATABASE IF EXISTS kkp_test[0m
  [4;36;1mSQL (0.000138)[0m   [0;1mSET client_min_messages TO 'panic'[0m
  [4;35;1mSQL (0.000073)[0m   [0mSET client_min_messages TO 'notice'[0m
  [4;36;1mSQL (0.000139)[0m   [0;1mSET search_path TO public[0m
  [4;35;1mSQL (0.939541)[0m   [0mCREATE DATABASE kkp_test ENCODING = 'utf8'[0m
  [4;36;1mSQL (0.000149)[0m   [0;1mSET client_min_messages TO 'panic'[0m
  [4;35;1mSQL (0.000089)[0m   [0mSET client_min_messages TO 'notice'[0m
  [4;36;1mSQL (0.014719)[0m   [0;1mCREATE TABLE "entry_systems" ("id" serial primary key, "name" character varying(255) DEFAULT NULL NULL, "manufacturer" character varying(255) DEFAULT NULL NULL, "prompt" character varying(255) DEFAULT NULL NULL, "password" integer DEFAULT NULL NULL, "created_at" timestamp DEFAULT NULL NULL, "updated_at" timestamp DEFAULT NULL NULL) [0m
  [4;35;1mSQL (0.006384)[0m   [0mCREATE TABLE "images" ("id" serial primary key, "created_at" timestamp DEFAULT NULL NULL, "updated_at" timestamp DEFAULT NULL NULL) [0m
  [4;36;1mSQL (0.013090)[0m   [0;1mCREATE TABLE "pdf_manuals" ("id" serial primary key, "parent_id" integer DEFAULT NULL NULL, "content_type" character varying(255) DEFAULT NULL NULL, "filename" character varying(255) DEFAULT NULL NULL, "size" integer DEFAULT NULL NULL, "width" integer DEFAULT NULL NULL, "height" integer DEFAULT NULL NULL, "created_at" timestamp DEFAULT NULL NULL, "updated_at" timestamp DEFAULT NULL NULL) [0m
  [4;35;1mSQL (0.001858)[0m   [0mCREATE TABLE "schema_migrations" ("version" character varying(255) NOT NULL) [0m
  [4;36;1mSQL (0.002608)[0m   [0;1mCREATE UNIQUE INDEX "unique_schema_migrations" ON "schema_migrations" ("version")[0m
  [4;35;1mSQL (0.000308)[0m   [0mSELECT version FROM "schema_migrations"[0m
  [4;36;1mSQL (0.000951)[0m   [0;1mINSERT INTO "schema_migrations" (version) VALUES ('20080923023005')[0m
  [4;35;1mSQL (0.001598)[0m   [0mINSERT INTO "schema_migrations" (version) VALUES ('20080923022941')[0m
  [4;36;1mSQL (0.000746)[0m   [0;1mINSERT INTO "schema_migrations" (version) VALUES ('20080923022959')[0m
